<?xml version="1.0" encoding="UTF-8"?>
<!-- Generated by org.testng.reporters.JUnitReportReporter -->
<testsuite hostname="DESKTOP-CIFA2DV" failures="0" tests="6" name="TestCase.TC01" time="203.191" errors="0" timestamp="2023-04-12T14:43:33 IST" skipped="0">
  <testcase classname="TestCase.TC01" name="verifyMouseHover" time="63.071"/>
  <system-out/>
  <testcase classname="TestCase.TC01" name="verifyCookiesHandle" time="14.593"/>
  <system-out/>
  <testcase classname="TestCase.TC01" name="verifyGetWindowHandle" time="27.641"/>
  <system-out/>
  <testcase classname="TestCase.TC01" name="verifyCheckTextClick" time="14.916"/>
  <system-out/>
  <testcase classname="TestCase.TC01" name="verifyLoginWithValidCredential" time="45.748"/>
  <system-out/>
  <testcase classname="TestCase.TC01" name="verifyScrollDown" time="37.222"/>
  <system-out/>
</testsuite> <!-- TestCase.TC01 -->
